To honour the JVM settings for this build a single-use Daemon process will be forked. For more on this, please refer to https://docs.gradle.org/8.14.3/userguide/gradle_daemon.html#sec:disabling_the_daemon in the Gradle documentation.
Daemon will be stopped at the end of the build 
> Task :gradle-plugin:shared:checkKotlinGradlePluginConfigurationErrors SKIPPED
> Task :expo-gradle-plugin:expo-autolinking-plugin-shared:checkKotlinGradlePluginConfigurationErrors SKIPPED
> Task :gradle-plugin:settings-plugin:checkKotlinGradlePluginConfigurationErrors SKIPPED
> Task :expo-gradle-plugin:expo-autolinking-settings-plugin:checkKotlinGradlePluginConfigurationErrors SKIPPED
> Task :gradle-plugin:settings-plugin:pluginDescriptors UP-TO-DATE
> Task :expo-gradle-plugin:expo-autolinking-settings-plugin:pluginDescriptors UP-TO-DATE
> Task :expo-gradle-plugin:expo-autolinking-settings-plugin:processResources UP-TO-DATE
> Task :gradle-plugin:settings-plugin:processResources UP-TO-DATE
> Task :expo-gradle-plugin:expo-autolinking-plugin-shared:compileKotlin UP-TO-DATE
> Task :gradle-plugin:shared:compileKotlin UP-TO-DATE
> Task :expo-gradle-plugin:expo-autolinking-plugin-shared:compileJava NO-SOURCE
> Task :gradle-plugin:shared:compileJava NO-SOURCE
> Task :expo-gradle-plugin:expo-autolinking-plugin-shared:processResources NO-SOURCE
> Task :gradle-plugin:shared:processResources NO-SOURCE
> Task :expo-gradle-plugin:expo-autolinking-plugin-shared:classes UP-TO-DATE
> Task :gradle-plugin:shared:classes UP-TO-DATE
> Task :gradle-plugin:shared:jar UP-TO-DATE
> Task :expo-gradle-plugin:expo-autolinking-plugin-shared:jar UP-TO-DATE
> Task :gradle-plugin:settings-plugin:compileKotlin UP-TO-DATE
> Task :gradle-plugin:settings-plugin:compileJava NO-SOURCE
> Task :gradle-plugin:settings-plugin:classes UP-TO-DATE
> Task :gradle-plugin:settings-plugin:jar UP-TO-DATE
> Task :expo-gradle-plugin:expo-autolinking-settings-plugin:compileKotlin UP-TO-DATE
> Task :expo-gradle-plugin:expo-autolinking-settings-plugin:compileJava NO-SOURCE
> Task :expo-gradle-plugin:expo-autolinking-settings-plugin:classes UP-TO-DATE
> Task :expo-gradle-plugin:expo-autolinking-settings-plugin:jar UP-TO-DATE
> Task :gradle-plugin:react-native-gradle-plugin:checkKotlinGradlePluginConfigurationErrors SKIPPED
> Task :expo-gradle-plugin:expo-autolinking-plugin:checkKotlinGradlePluginConfigurationErrors SKIPPED
> Task :expo-module-gradle-plugin:checkKotlinGradlePluginConfigurationErrors SKIPPED
> Task :expo-module-gradle-plugin:pluginDescriptors UP-TO-DATE
> Task :expo-module-gradle-plugin:processResources UP-TO-DATE
> Task :expo-gradle-plugin:expo-autolinking-plugin:compileKotlin UP-TO-DATE
> Task :expo-gradle-plugin:expo-autolinking-plugin:compileJava NO-SOURCE
> Task :expo-gradle-plugin:expo-autolinking-plugin:pluginDescriptors UP-TO-DATE
> Task :expo-gradle-plugin:expo-autolinking-plugin:processResources UP-TO-DATE
> Task :expo-gradle-plugin:expo-autolinking-plugin:classes UP-TO-DATE
> Task :gradle-plugin:react-native-gradle-plugin:compileKotlin UP-TO-DATE
> Task :expo-gradle-plugin:expo-autolinking-plugin:jar UP-TO-DATE
> Task :gradle-plugin:react-native-gradle-plugin:compileJava NO-SOURCE
> Task :gradle-plugin:react-native-gradle-plugin:pluginDescriptors UP-TO-DATE
> Task :gradle-plugin:react-native-gradle-plugin:processResources UP-TO-DATE
> Task :gradle-plugin:react-native-gradle-plugin:classes UP-TO-DATE
> Task :gradle-plugin:react-native-gradle-plugin:jar UP-TO-DATE
> Task :expo-module-gradle-plugin:compileKotlin UP-TO-DATE
> Task :expo-module-gradle-plugin:compileJava NO-SOURCE
> Task :expo-module-gradle-plugin:classes UP-TO-DATE
> Task :expo-module-gradle-plugin:jar UP-TO-DATE

> Configure project :
[32m[ExpoRootProject][0m Using the following versions:
  - buildTools:  [32m36.0.0[0m
  - minSdk:      [32m24[0m
  - compileSdk:  [32m36[0m
  - targetSdk:   [32m36[0m
  - ndk:         [32m27.1.12297006[0m
  - kotlin:      [32m2.1.20[0m
  - ksp:         [32m2.1.20-2.0.1[0m

> Configure project :app
[NitroModules] morseNitro is boosted by nitro!

> Configure project :expo

Using expo modules
  - [32mexpo-constants[0m (18.0.8)
  - [32mexpo-modules-core[0m (3.0.15)
  - [32mexpo-torch[0m (0.1.0)
  - [33m[?][0m [32mexpo-asset[0m (12.0.8)
  - [33m[?][0m [32mexpo-audio[0m (1.0.13)
  - [33m[?][0m [32mexpo-blur[0m (15.0.7)
  - [33m[?][0m [32mexpo-file-system[0m (19.0.14)
  - [33m[?][0m [32mexpo-font[0m (14.0.8)
  - [33m[?][0m [32mexpo-haptics[0m (15.0.7)
  - [33m[?][0m [32mexpo-image[0m (3.0.8)
  - [33m[?][0m [32mexpo-keep-awake[0m (15.0.7)
  - [33m[?][0m [32mexpo-linear-gradient[0m (15.0.7)
  - [33m[?][0m [32mexpo-linking[0m (8.0.8)
  - [33m[?][0m [32mexpo-localization[0m (17.0.7)
  - [33m[?][0m [32mexpo-splash-screen[0m (31.0.10)
  - [33m[?][0m [32mexpo-system-ui[0m (6.0.7)
  - [33m[?][0m [32mexpo-web-browser[0m (15.0.7)


> Configure project :react-native-nitro-haptics
[NitroModules] ? NitroHaptics is boosted by nitro!

> Configure project :react-native-nitro-modules
[NitroModules] ? Your app is boosted by nitro modules!

> Configure project :react-native:packages:react-native:ReactAndroid:hermes-engine
[Hermes] vcInstallDir=C:\Program Files\Microsoft Visual Studio\18\Insiders\VC\
[Hermes] hostBin=C:\Program Files\Microsoft Visual Studio\18\Insiders\VC\Tools\MSVC\14.50.35503\bin\Hostx64\x64

> Task :expo-modules-core:preBuild UP-TO-DATE
> Task :react-native-audio-api:assertMinimalReactNativeVersionTask SKIPPED
> Task :expo-torch:preBuild UP-TO-DATE
> Task :react-native-masked-view_masked-view:preBuild UP-TO-DATE
> Task :app:checkKotlinGradlePluginConfigurationErrors SKIPPED
> Task :react-native:packages:react-native:ReactAndroid:hermes-engine:installCMake UP-TO-DATE
> Task :expo:generatePackagesList UP-TO-DATE
> Task :expo:preBuild UP-TO-DATE
> Task :expo:preDebugBuild UP-TO-DATE
> Task :expo:writeDebugAarMetadata UP-TO-DATE
> Task :react-native-audio-api:generateCodegenSchemaFromJavaScript UP-TO-DATE
> Task :app:generateAutolinkingNewArchitectureFiles UP-TO-DATE
> Task :react-native-async-storage_async-storage:generateCodegenSchemaFromJavaScript UP-TO-DATE
> Task :expo-modules-core:preDebugBuild UP-TO-DATE
> Task :react-native-gesture-handler:generateCodegenSchemaFromJavaScript UP-TO-DATE
> Task :react-native-safe-area-context:generateCodegenSchemaFromJavaScript UP-TO-DATE
> Task :expo-modules-core:writeDebugAarMetadata UP-TO-DATE
> Task :react-native-screens:generateCodegenSchemaFromJavaScript UP-TO-DATE
> Task :expo-torch:preDebugBuild UP-TO-DATE
> Task :react-native-nitro-modules:generateCodegenSchemaFromJavaScript UP-TO-DATE
> Task :expo-torch:writeDebugAarMetadata UP-TO-DATE
> Task :react-native-masked-view_masked-view:preDebugBuild UP-TO-DATE
> Task :react-native-svg:generateCodegenSchemaFromJavaScript UP-TO-DATE
> Task :react-native-masked-view_masked-view:writeDebugAarMetadata UP-TO-DATE
> Task :react-native-community_slider:generateCodegenSchemaFromJavaScript UP-TO-DATE
> Task :react-native-webview:generateCodegenSchemaFromJavaScript UP-TO-DATE
> Task :expo:generateDebugResValues UP-TO-DATE
> Task :react-native-async-storage_async-storage:generateCodegenArtifactsFromSchema UP-TO-DATE
> Task :react-native-nitro-modules:generateCodegenArtifactsFromSchema UP-TO-DATE
> Task :react-native-async-storage_async-storage:preBuild UP-TO-DATE
> Task :react-native-async-storage_async-storage:preDebugBuild UP-TO-DATE
> Task :expo:generateDebugResources UP-TO-DATE
> Task :react-native-safe-area-context:generateCodegenArtifactsFromSchema UP-TO-DATE
> Task :react-native-safe-area-context:preBuild UP-TO-DATE
> Task :react-native-async-storage_async-storage:writeDebugAarMetadata UP-TO-DATE
> Task :react-native-safe-area-context:preDebugBuild UP-TO-DATE
> Task :react-native:packages:react-native:ReactAndroid:buildCodegenCLI UP-TO-DATE
> Task :react-native-audio-api:generateCodegenArtifactsFromSchema UP-TO-DATE
> Task :react-native-audio-api:preBuild UP-TO-DATE
> Task :react-native-gesture-handler:generateCodegenArtifactsFromSchema UP-TO-DATE
> Task :react-native-safe-area-context:writeDebugAarMetadata UP-TO-DATE
> Task :expo-modules-core:generateDebugResValues UP-TO-DATE
> Task :react-native-audio-api:preDebugBuild UP-TO-DATE
> Task :react-native-gesture-handler:preBuild UP-TO-DATE
> Task :react-native-gesture-handler:preDebugBuild UP-TO-DATE
> Task :react-native-webview:generateCodegenArtifactsFromSchema UP-TO-DATE
> Task :react-native-webview:preBuild UP-TO-DATE
> Task :react-native-screens:generateCodegenArtifactsFromSchema UP-TO-DATE
> Task :react-native-webview:preDebugBuild UP-TO-DATE
> Task :expo-torch:generateDebugResValues UP-TO-DATE
> Task :react-native-screens:preBuild UP-TO-DATE
> Task :react-native-screens:preDebugBuild UP-TO-DATE
> Task :react-native-audio-api:writeDebugAarMetadata UP-TO-DATE
> Task :react-native-gesture-handler:writeDebugAarMetadata UP-TO-DATE
> Task :expo:packageDebugResources UP-TO-DATE
> Task :react-native-webview:writeDebugAarMetadata UP-TO-DATE
> Task :expo-torch:generateDebugResources UP-TO-DATE
> Task :react-native-audio-api:generateDebugResValues UP-TO-DATE
> Task :react-native-screens:writeDebugAarMetadata UP-TO-DATE
> Task :react-native-gesture-handler:generateDebugResValues UP-TO-DATE
> Task :expo-modules-core:generateDebugResources UP-TO-DATE
> Task :react-native-async-storage_async-storage:generateDebugResValues UP-TO-DATE
> Task :react-native-masked-view_masked-view:generateDebugResValues UP-TO-DATE
> Task :react-native-audio-api:generateDebugResources UP-TO-DATE
> Task :react-native-safe-area-context:generateDebugResValues UP-TO-DATE
> Task :react-native-gesture-handler:generateDebugResources UP-TO-DATE
> Task :react-native-masked-view_masked-view:generateDebugResources UP-TO-DATE
> Task :react-native-safe-area-context:generateDebugResources UP-TO-DATE
> Task :react-native-async-storage_async-storage:generateDebugResources UP-TO-DATE
> Task :react-native-svg:generateCodegenArtifactsFromSchema UP-TO-DATE
> Task :expo-torch:packageDebugResources UP-TO-DATE
> Task :react-native-community_slider:generateCodegenArtifactsFromSchema UP-TO-DATE
> Task :react-native-svg:preBuild UP-TO-DATE
> Task :react-native-community_slider:preBuild UP-TO-DATE
> Task :react-native-svg:preDebugBuild UP-TO-DATE
> Task :react-native-community_slider:preDebugBuild UP-TO-DATE
> Task :expo-modules-core:packageDebugResources UP-TO-DATE
> Task :react-native-screens:generateDebugResValues UP-TO-DATE
> Task :react-native-svg:writeDebugAarMetadata UP-TO-DATE
> Task :react-native-audio-api:packageDebugResources UP-TO-DATE
> Task :react-native-gesture-handler:packageDebugResources UP-TO-DATE
> Task :react-native-webview:generateDebugResValues UP-TO-DATE
> Task :react-native-svg:generateDebugResValues UP-TO-DATE
> Task :react-native-community_slider:writeDebugAarMetadata UP-TO-DATE
> Task :expo:extractDeepLinksDebug UP-TO-DATE
> Task :react-native-community_slider:generateDebugResValues UP-TO-DATE
> Task :react-native-webview:generateDebugResources UP-TO-DATE
> Task :expo-modules-core:extractDeepLinksDebug UP-TO-DATE
> Task :react-native-svg:generateDebugResources UP-TO-DATE
> Task :react-native-masked-view_masked-view:packageDebugResources UP-TO-DATE
> Task :react-native-safe-area-context:packageDebugResources UP-TO-DATE
> Task :react-native-async-storage_async-storage:packageDebugResources UP-TO-DATE
> Task :react-native-community_slider:generateDebugResources UP-TO-DATE
> Task :react-native-audio-api:extractDeepLinksDebug UP-TO-DATE
> Task :expo-torch:extractDeepLinksDebug UP-TO-DATE
> Task :expo:processDebugManifest UP-TO-DATE
> Task :react-native-async-storage_async-storage:extractDeepLinksDebug UP-TO-DATE
> Task :expo-modules-core:processDebugManifest UP-TO-DATE
> Task :react-native-screens:generateDebugResources UP-TO-DATE
> Task :react-native-gesture-handler:extractDeepLinksDebug UP-TO-DATE
> Task :react-native-webview:packageDebugResources UP-TO-DATE
> Task :react-native-svg:packageDebugResources UP-TO-DATE
> Task :react-native-masked-view_masked-view:extractDeepLinksDebug UP-TO-DATE
> Task :react-native-safe-area-context:extractDeepLinksDebug UP-TO-DATE
> Task :react-native-svg:extractDeepLinksDebug UP-TO-DATE
> Task :expo-torch:processDebugManifest UP-TO-DATE
> Task :react-native-async-storage_async-storage:processDebugManifest UP-TO-DATE
> Task :react-native-community_slider:packageDebugResources UP-TO-DATE
> Task :react-native-gesture-handler:processDebugManifest UP-TO-DATE
> Task :react-native-webview:extractDeepLinksDebug UP-TO-DATE
> Task :react-native-masked-view_masked-view:processDebugManifest UP-TO-DATE
> Task :react-native-community_slider:extractDeepLinksDebug UP-TO-DATE
> Task :react-native-safe-area-context:processDebugManifest UP-TO-DATE
> Task :react-native-svg:processDebugManifest UP-TO-DATE
> Task :react-native-community_slider:processDebugManifest UP-TO-DATE
> Task :react-native-screens:packageDebugResources UP-TO-DATE
> Task :react-native-webview:processDebugManifest UP-TO-DATE
> Task :react-native-screens:extractDeepLinksDebug UP-TO-DATE
> Task :react-native-gesture-handler:compileDebugLibraryResources UP-TO-DATE
> Task :expo-modules-core:compileDebugLibraryResources UP-TO-DATE
> Task :expo-torch:compileDebugLibraryResources UP-TO-DATE
> Task :react-native-community_slider:compileDebugLibraryResources UP-TO-DATE
> Task :react-native-masked-view_masked-view:compileDebugLibraryResources UP-TO-DATE
> Task :react-native-async-storage_async-storage:compileDebugLibraryResources UP-TO-DATE
> Task :expo:compileDebugLibraryResources UP-TO-DATE
> Task :react-native-screens:processDebugManifest UP-TO-DATE
> Task :react-native-safe-area-context:compileDebugLibraryResources UP-TO-DATE
> Task :react-native-safe-area-context:parseDebugLocalResources UP-TO-DATE
> Task :react-native-masked-view_masked-view:parseDebugLocalResources UP-TO-DATE
> Task :expo:parseDebugLocalResources UP-TO-DATE
> Task :expo-torch:parseDebugLocalResources UP-TO-DATE
> Task :react-native-community_slider:parseDebugLocalResources UP-TO-DATE
> Task :expo-modules-core:parseDebugLocalResources UP-TO-DATE
> Task :react-native-audio-api:processDebugManifest UP-TO-DATE
> Task :react-native-async-storage_async-storage:parseDebugLocalResources UP-TO-DATE
> Task :react-native-audio-api:compileDebugLibraryResources UP-TO-DATE
> Task :app:generateAutolinkingPackageList UP-TO-DATE
> Task :react-native-screens:compileDebugLibraryResources UP-TO-DATE
> Task :react-native-nitro-haptics:generateCodegenSchemaFromJavaScript UP-TO-DATE
> Task :app:generateCodegenSchemaFromJavaScript SKIPPED
> Task :expo:generateDebugRFile UP-TO-DATE
> Task :expo-torch:generateDebugRFile UP-TO-DATE
> Task :react-native-async-storage_async-storage:generateDebugRFile UP-TO-DATE
> Task :expo-modules-core:generateDebugRFile UP-TO-DATE
> Task :react-native-screens:parseDebugLocalResources UP-TO-DATE
> Task :react-native-masked-view_masked-view:generateDebugRFile UP-TO-DATE
> Task :react-native-audio-api:parseDebugLocalResources UP-TO-DATE
> Task :react-native-safe-area-context:generateDebugRFile UP-TO-DATE
> Task :react-native-community_slider:generateDebugRFile UP-TO-DATE
> Task :react-native-svg:compileDebugLibraryResources UP-TO-DATE
> Task :app:generateCodegenArtifactsFromSchema SKIPPED
> Task :expo-torch:checkKotlinGradlePluginConfigurationErrors SKIPPED
> Task :expo:checkKotlinGradlePluginConfigurationErrors SKIPPED
> Task :expo-modules-core:checkKotlinGradlePluginConfigurationErrors SKIPPED
> Task :react-native-webview:compileDebugLibraryResources UP-TO-DATE
> Task :react-native-nitro-haptics:generateCodegenArtifactsFromSchema UP-TO-DATE
> Task :react-native-screens:generateDebugRFile UP-TO-DATE
> Task :react-native-nitro-haptics:preBuild UP-TO-DATE
> Task :react-native-nitro-haptics:preDebugBuild UP-TO-DATE
> Task :react-native-svg:parseDebugLocalResources UP-TO-DATE
> Task :react-native-audio-api:generateDebugRFile UP-TO-DATE
> Task :react-native-webview:parseDebugLocalResources UP-TO-DATE
> Task :expo:generateDebugBuildConfig UP-TO-DATE
> Task :react-native-audio-api:checkKotlinGradlePluginConfigurationErrors SKIPPED
> Task :react-native-community_slider:generateDebugBuildConfig UP-TO-DATE
> Task :react-native-nitro-haptics:writeDebugAarMetadata UP-TO-DATE
> Task :react-native-masked-view_masked-view:generateDebugBuildConfig UP-TO-DATE
> Task :expo-torch:generateDebugBuildConfig UP-TO-DATE
> Task :app:generateReactNativeEntryPoint UP-TO-DATE
> Task :react-native-safe-area-context:checkKotlinGradlePluginConfigurationErrors SKIPPED
> Task :expo-modules-core:generateDebugBuildConfig UP-TO-DATE
> Task :expo:javaPreCompileDebug UP-TO-DATE
> Task :react-native-screens:checkKotlinGradlePluginConfigurationErrors SKIPPED
> Task :react-native-async-storage_async-storage:generateDebugBuildConfig UP-TO-DATE
> Task :react-native-community_slider:javaPreCompileDebug UP-TO-DATE
> Task :react-native-nitro-haptics:generateDebugResValues UP-TO-DATE
> Task :react-native-svg:generateDebugRFile UP-TO-DATE
> Task :react-native-masked-view_masked-view:javaPreCompileDebug UP-TO-DATE
> Task :react-native-audio-api:generateDebugBuildConfig UP-TO-DATE
> Task :react-native-webview:generateDebugRFile UP-TO-DATE
> Task :expo-modules-core:javaPreCompileDebug UP-TO-DATE
> Task :react-native-webview:checkKotlinGradlePluginConfigurationErrors SKIPPED
> Task :expo-torch:javaPreCompileDebug UP-TO-DATE
> Task :expo:mergeDebugShaders UP-TO-DATE
> Task :react-native-nitro-haptics:generateDebugResources UP-TO-DATE
> Task :react-native-community_slider:mergeDebugShaders UP-TO-DATE
> Task :react-native-async-storage_async-storage:javaPreCompileDebug UP-TO-DATE
> Task :react-native-screens:generateDebugBuildConfig UP-TO-DATE
> Task :react-native-safe-area-context:generateDebugBuildConfig UP-TO-DATE
> Task :react-native-webview:generateDebugBuildConfig UP-TO-DATE
> Task :react-native-svg:generateDebugBuildConfig UP-TO-DATE
> Task :react-native-audio-api:javaPreCompileDebug UP-TO-DATE
> Task :expo:compileDebugShaders NO-SOURCE
> Task :expo-torch:mergeDebugShaders UP-TO-DATE
> Task :expo-modules-core:mergeDebugShaders UP-TO-DATE
> Task :react-native-community_slider:compileDebugShaders NO-SOURCE
> Task :expo:generateDebugAssets UP-TO-DATE
> Task :react-native-community_slider:generateDebugAssets UP-TO-DATE
> Task :react-native-screens:javaPreCompileDebug UP-TO-DATE
> Task :react-native-webview:javaPreCompileDebug UP-TO-DATE
> Task :react-native-svg:javaPreCompileDebug UP-TO-DATE
> Task :react-native-safe-area-context:javaPreCompileDebug UP-TO-DATE
> Task :expo-modules-core:compileDebugShaders NO-SOURCE
> Task :expo-torch:compileDebugShaders NO-SOURCE
> Task :react-native-nitro-haptics:packageDebugResources UP-TO-DATE
> Task :expo-modules-core:generateDebugAssets UP-TO-DATE
> Task :expo-torch:generateDebugAssets UP-TO-DATE
> Task :expo:mergeDebugAssets UP-TO-DATE
> Task :react-native-svg:mergeDebugShaders UP-TO-DATE
> Task :react-native-screens:mergeDebugShaders UP-TO-DATE
> Task :react-native-masked-view_masked-view:mergeDebugShaders UP-TO-DATE
> Task :react-native-nitro-haptics:extractDeepLinksDebug UP-TO-DATE
> Task :react-native-community_slider:mergeDebugAssets UP-TO-DATE
> Task :react-native-screens:compileDebugShaders NO-SOURCE
> Task :react-native-masked-view_masked-view:compileDebugShaders NO-SOURCE
> Task :react-native-safe-area-context:mergeDebugShaders UP-TO-DATE
> Task :react-native-svg:compileDebugShaders NO-SOURCE
> Task :expo-modules-core:mergeDebugAssets UP-TO-DATE
> Task :react-native-screens:generateDebugAssets UP-TO-DATE
> Task :react-native-masked-view_masked-view:generateDebugAssets UP-TO-DATE
> Task :react-native-svg:generateDebugAssets UP-TO-DATE
> Task :expo-torch:mergeDebugAssets UP-TO-DATE
> Task :react-native-audio-api:mergeDebugShaders UP-TO-DATE
> Task :react-native-webview:mergeDebugShaders UP-TO-DATE
> Task :react-native-safe-area-context:compileDebugShaders NO-SOURCE
> Task :react-native-async-storage_async-storage:mergeDebugShaders UP-TO-DATE
> Task :react-native-audio-api:compileDebugShaders NO-SOURCE
> Task :react-native-community_slider:processDebugJavaRes NO-SOURCE
> Task :react-native-screens:mergeDebugAssets UP-TO-DATE
> Task :react-native-audio-api:generateDebugAssets UP-TO-DATE
> Task :react-native-webview:compileDebugShaders NO-SOURCE
> Task :react-native-svg:mergeDebugAssets UP-TO-DATE
> Task :expo-modules-core:mergeDebugJniLibFolders UP-TO-DATE
> Task :expo:mergeDebugJniLibFolders UP-TO-DATE
> Task :react-native-masked-view_masked-view:mergeDebugAssets UP-TO-DATE
> Task :react-native-safe-area-context:generateDebugAssets UP-TO-DATE
> Task :react-native-nitro-haptics:processDebugManifest UP-TO-DATE
> Task :react-native-async-storage_async-storage:compileDebugShaders NO-SOURCE
> Task :react-native-webview:generateDebugAssets UP-TO-DATE
> Task :expo:mergeDebugNativeLibs NO-SOURCE
> Task :react-native-async-storage_async-storage:generateDebugAssets UP-TO-DATE
> Task :expo-torch:mergeDebugJniLibFolders UP-TO-DATE
> Task :react-native-safe-area-context:mergeDebugAssets UP-TO-DATE
> Task :react-native-audio-api:mergeDebugAssets UP-TO-DATE
> Task :react-native-svg:processDebugJavaRes NO-SOURCE
> Task :react-native-masked-view_masked-view:processDebugJavaRes NO-SOURCE
> Task :react-native-community_slider:mergeDebugJniLibFolders UP-TO-DATE
> Task :react-native-nitro-haptics:compileDebugLibraryResources UP-TO-DATE
> Task :expo:copyDebugJniLibsProjectOnly UP-TO-DATE
> Task :expo-torch:mergeDebugNativeLibs NO-SOURCE
> Task :react-native-screens:mergeDebugJniLibFolders UP-TO-DATE
> Task :react-native-async-storage_async-storage:mergeDebugAssets UP-TO-DATE
> Task :react-native-nitro-modules:prepareHeaders UP-TO-DATE
> Task :react-native-community_slider:mergeDebugNativeLibs NO-SOURCE
> Task :react-native-webview:mergeDebugAssets UP-TO-DATE
> Task :react-native-nitro-modules:preBuild UP-TO-DATE
> Task :react-native-nitro-modules:preDebugBuild UP-TO-DATE
> Task :react-native-svg:mergeDebugJniLibFolders UP-TO-DATE
> Task :expo-torch:copyDebugJniLibsProjectOnly UP-TO-DATE
> Task :react-native-safe-area-context:mergeDebugJniLibFolders UP-TO-DATE
> Task :react-native-gesture-handler:parseDebugLocalResources UP-TO-DATE
> Task :react-native-nitro-modules:writeDebugAarMetadata UP-TO-DATE
> Task :react-native-community_slider:copyDebugJniLibsProjectOnly UP-TO-DATE
> Task :react-native-masked-view_masked-view:mergeDebugJniLibFolders UP-TO-DATE
> Task :react-native-async-storage_async-storage:processDebugJavaRes NO-SOURCE
> Task :react-native-nitro-haptics:parseDebugLocalResources UP-TO-DATE
> Task :react-native-svg:mergeDebugNativeLibs NO-SOURCE
> Task :react-native-masked-view_masked-view:mergeDebugNativeLibs NO-SOURCE
> Task :react-native-nitro-modules:generateDebugResValues UP-TO-DATE
> Task :react-native-safe-area-context:mergeDebugNativeLibs NO-SOURCE
> Task :react-native-masked-view_masked-view:copyDebugJniLibsProjectOnly UP-TO-DATE
> Task :react-native-gesture-handler:generateDebugRFile UP-TO-DATE
> Task :react-native-nitro-haptics:generateDebugRFile UP-TO-DATE
> Task :react-native-audio-api:mergeDebugJniLibFolders UP-TO-DATE
> Task :react-native-async-storage_async-storage:mergeDebugJniLibFolders UP-TO-DATE
> Task :react-native-nitro-modules:generateDebugResources UP-TO-DATE
> Task :react-native-svg:copyDebugJniLibsProjectOnly UP-TO-DATE
> Task :react-native-nitro-haptics:checkKotlinGradlePluginConfigurationErrors SKIPPED
> Task :react-native-gesture-handler:checkKotlinGradlePluginConfigurationErrors SKIPPED
> Task :react-native-async-storage_async-storage:mergeDebugNativeLibs NO-SOURCE
> Task :react-native-safe-area-context:copyDebugJniLibsProjectOnly UP-TO-DATE
> Task :react-native-gesture-handler:generateDebugBuildConfig UP-TO-DATE
> Task :react-native-nitro-haptics:generateDebugBuildConfig UP-TO-DATE
> Task :react-native-async-storage_async-storage:copyDebugJniLibsProjectOnly UP-TO-DATE
> Task :react-native-gesture-handler:javaPreCompileDebug UP-TO-DATE
> Task :react-native-nitro-modules:packageDebugResources UP-TO-DATE
> Task :react-native-nitro-haptics:javaPreCompileDebug UP-TO-DATE
> Task :react-native-nitro-modules:extractDeepLinksDebug UP-TO-DATE
> Task :react-native-nitro-haptics:mergeDebugShaders UP-TO-DATE
> Task :react-native-gesture-handler:mergeDebugShaders UP-TO-DATE
> Task :react-native-nitro-haptics:compileDebugShaders NO-SOURCE
> Task :react-native-gesture-handler:compileDebugShaders NO-SOURCE
> Task :react-native-gesture-handler:generateDebugAssets UP-TO-DATE
> Task :react-native-nitro-haptics:generateDebugAssets UP-TO-DATE
> Task :react-native-gesture-handler:mergeDebugAssets UP-TO-DATE
> Task :react-native-nitro-haptics:mergeDebugAssets UP-TO-DATE
> Task :react-native-nitro-modules:processDebugManifest UP-TO-DATE
> Task :react-native-nitro-modules:compileDebugLibraryResources UP-TO-DATE
> Task :react-native-gesture-handler:mergeDebugJniLibFolders UP-TO-DATE
> Task :react-native-nitro-haptics:mergeDebugJniLibFolders UP-TO-DATE
> Task :react-native-nitro-modules:parseDebugLocalResources UP-TO-DATE
> Task :react-native-webview:mergeDebugJniLibFolders UP-TO-DATE
> Task :react-native:packages:react-native:ReactAndroid:generateCodegenSchemaFromJavaScript UP-TO-DATE
> Task :react-native-webview:mergeDebugNativeLibs NO-SOURCE
> Task :react-native-nitro-modules:generateDebugRFile UP-TO-DATE
> Task :react-native-nitro-modules:checkKotlinGradlePluginConfigurationErrors SKIPPED
> Task :react-native-webview:copyDebugJniLibsProjectOnly UP-TO-DATE
> Task :react-native-nitro-modules:generateDebugBuildConfig UP-TO-DATE
> Task :react-native-nitro-modules:javaPreCompileDebug UP-TO-DATE
> Task :react-native-reanimated:assertMinimalReactNativeVersionTask
> Task :react-native-worklets:assertMinimalReactNativeVersionTask
> Task :react-native-worklets:assertNewArchitectureEnabledTask SKIPPED
> Task :react-native-reanimated:assertNewArchitectureEnabledTask SKIPPED
> Task :react-native:packages:react-native:ReactAndroid:generateCodegenArtifactsFromSchema UP-TO-DATE
> Task :react-native-nitro-modules:mergeDebugShaders UP-TO-DATE
> Task :react-native:packages:react-native:ReactAndroid:createNativeDepsDirectories UP-TO-DATE
> Task :react-native-nitro-modules:compileDebugShaders NO-SOURCE
> Task :react-native-nitro-modules:generateDebugAssets UP-TO-DATE
> Task :react-native-nitro-modules:mergeDebugAssets UP-TO-DATE
> Task :react-native-worklets:generateCodegenSchemaFromJavaScript UP-TO-DATE
> Task :react-native-nitro-modules:mergeDebugJniLibFolders UP-TO-DATE
> Task :react-native-worklets:generateCodegenArtifactsFromSchema UP-TO-DATE
> Task :react-native:packages:react-native:ReactAndroid:downloadDoubleConversion UP-TO-DATE
> Task :react-native:packages:react-native:ReactAndroid:downloadBoost UP-TO-DATE
> Task :react-native:packages:react-native:ReactAndroid:downloadFastFloat UP-TO-DATE
> Task :react-native:packages:react-native:ReactAndroid:downloadFmt UP-TO-DATE
> Task :react-native:packages:react-native:ReactAndroid:downloadFolly UP-TO-DATE
> Task :react-native:packages:react-native:ReactAndroid:downloadGlog UP-TO-DATE
> Task :react-native-worklets:prepareWorkletsHeadersForPrefabs UP-TO-DATE
> Task :react-native-worklets:preBuild
> Task :react-native-worklets:preDebugBuild
> Task :react-native-worklets:writeDebugAarMetadata UP-TO-DATE
> Task :react-native-worklets:generateDebugResValues UP-TO-DATE
> Task :react-native-worklets:generateDebugResources UP-TO-DATE
> Task :react-native-worklets:packageDebugResources UP-TO-DATE
> Task :react-native-worklets:extractDeepLinksDebug UP-TO-DATE
> Task :react-native-worklets:processDebugManifest UP-TO-DATE
> Task :react-native-worklets:compileDebugLibraryResources UP-TO-DATE
> Task :react-native-worklets:parseDebugLocalResources UP-TO-DATE
> Task :react-native-worklets:generateDebugRFile UP-TO-DATE
> Task :react-native-worklets:generateDebugBuildConfig UP-TO-DATE
> Task :react-native-worklets:javaPreCompileDebug UP-TO-DATE
> Task :react-native-worklets:mergeDebugShaders UP-TO-DATE
> Task :react-native-worklets:compileDebugShaders NO-SOURCE
> Task :react-native-worklets:generateDebugAssets UP-TO-DATE
> Task :react-native-worklets:mergeDebugAssets UP-TO-DATE
> Task :react-native-worklets:processDebugJavaRes NO-SOURCE
> Task :react-native-worklets:mergeDebugJniLibFolders UP-TO-DATE
> Task :react-native:packages:react-native:ReactAndroid:prepareDoubleConversion UP-TO-DATE
> Task :react-native-reanimated:assertWorkletsVersionTask
> Task :react-native-reanimated:generateCodegenSchemaFromJavaScript UP-TO-DATE
> Task :react-native-reanimated:generateCodegenArtifactsFromSchema UP-TO-DATE
> Task :react-native-reanimated:prepareReanimatedHeadersForPrefabs UP-TO-DATE
> Task :react-native-reanimated:preBuild
> Task :react-native-reanimated:preDebugBuild
> Task :react-native-reanimated:writeDebugAarMetadata UP-TO-DATE
> Task :react-native-reanimated:generateDebugResValues UP-TO-DATE
> Task :react-native-reanimated:generateDebugResources UP-TO-DATE
> Task :react-native-reanimated:packageDebugResources UP-TO-DATE
> Task :react-native-reanimated:extractDeepLinksDebug UP-TO-DATE

> Task :expo-constants:createExpoConfig
The NODE_ENV environment variable is required but was not specified. Ensure the project is bundled with Expo CLI or NODE_ENV is set. Using only .env.local and .env

> Task :expo-constants:preBuild
> Task :expo-constants:preDebugBuild
> Task :app:preBuild
> Task :app:preDebugBuild
> Task :expo-constants:writeDebugAarMetadata UP-TO-DATE
> Task :expo-constants:generateDebugResValues UP-TO-DATE
> Task :app:generateDebugBuildConfig UP-TO-DATE
> Task :expo-constants:generateDebugResources UP-TO-DATE
> Task :app:generateDebugResValues UP-TO-DATE
> Task :expo-constants:packageDebugResources UP-TO-DATE
> Task :expo-constants:extractDeepLinksDebug UP-TO-DATE
> Task :app:generateDebugResources UP-TO-DATE
> Task :expo-constants:processDebugManifest UP-TO-DATE
> Task :expo-constants:compileDebugLibraryResources UP-TO-DATE
> Task :expo-constants:parseDebugLocalResources UP-TO-DATE
> Task :app:packageDebugResources UP-TO-DATE
> Task :app:parseDebugLocalResources UP-TO-DATE
> Task :expo-constants:generateDebugRFile UP-TO-DATE
> Task :expo-constants:checkKotlinGradlePluginConfigurationErrors SKIPPED
> Task :app:createDebugCompatibleScreenManifests UP-TO-DATE
> Task :app:extractDeepLinksDebug UP-TO-DATE
> Task :app:javaPreCompileDebug UP-TO-DATE
> Task :app:mergeDebugShaders UP-TO-DATE
> Task :app:compileDebugShaders NO-SOURCE
> Task :app:generateDebugAssets UP-TO-DATE
> Task :app:desugarDebugFileDependencies UP-TO-DATE
> Task :react-native:packages:react-native:ReactAndroid:hermes-engine:downloadHermes UP-TO-DATE
> Task :expo-constants:generateDebugBuildConfig UP-TO-DATE
> Task :react-native-reanimated:processDebugManifest UP-TO-DATE
> Task :expo-constants:javaPreCompileDebug UP-TO-DATE
> Task :react-native-reanimated:compileDebugLibraryResources UP-TO-DATE
> Task :react-native:packages:react-native:ReactAndroid:prepareBoost UP-TO-DATE
> Task :expo-constants:mergeDebugShaders UP-TO-DATE
> Task :expo-constants:compileDebugShaders NO-SOURCE
> Task :react-native-reanimated:parseDebugLocalResources UP-TO-DATE
> Task :expo-constants:generateDebugAssets UP-TO-DATE
> Task :react-native-reanimated:generateDebugRFile UP-TO-DATE
> Task :react-native:packages:react-native:ReactAndroid:prepareFastFloat UP-TO-DATE
> Task :app:checkDebugDuplicateClasses UP-TO-DATE
> Task :react-native:packages:react-native:ReactAndroid:prepareFmt UP-TO-DATE
> Task :react-native:packages:react-native:ReactAndroid:prepareFolly UP-TO-DATE
> Task :react-native:packages:react-native:ReactAndroid:prepareGlog UP-TO-DATE
> Task :react-native:packages:react-native:ReactAndroid:prepareNative3pDependencies UP-TO-DATE
> Task :react-native:packages:react-native:ReactAndroid:hermes-engine:unzipHermes UP-TO-DATE
> Task :react-native-reanimated:generateDebugBuildConfig UP-TO-DATE
> Task :expo-constants:mergeDebugAssets UP-TO-DATE
> Task :react-native-reanimated:javaPreCompileDebug UP-TO-DATE
> Task :expo-constants:mergeDebugJniLibFolders UP-TO-DATE
> Task :react-native-reanimated:mergeDebugShaders UP-TO-DATE
> Task :expo-constants:mergeDebugNativeLibs NO-SOURCE
> Task :react-native-reanimated:compileDebugShaders NO-SOURCE
> Task :react-native-reanimated:generateDebugAssets UP-TO-DATE
> Task :expo-constants:copyDebugJniLibsProjectOnly UP-TO-DATE
> Task :react-native-reanimated:mergeDebugAssets UP-TO-DATE
> Task :react-native-reanimated:processDebugJavaRes NO-SOURCE
> Task :react-native-reanimated:mergeDebugJniLibFolders UP-TO-DATE
> Task :app:mergeExtDexDebug UP-TO-DATE
> Task :app:mergeDebugJniLibFolders UP-TO-DATE
> Task :app:validateSigningDebug UP-TO-DATE
> Task :app:writeDebugAppMetadata UP-TO-DATE
> Task :app:writeDebugSigningConfigVersions UP-TO-DATE
> Task :react-native:packages:react-native:ReactAndroid:hermes-engine:configureBuildForHermes UP-TO-DATE
> Task :react-native:packages:react-native:ReactAndroid:preparePrefab UP-TO-DATE
> Task :react-native:packages:react-native:ReactAndroid:preBuild UP-TO-DATE
> Task :react-native:packages:react-native:ReactAndroid:preDebugBuild UP-TO-DATE
> Task :react-native:packages:react-native:ReactAndroid:writeDebugAarMetadata UP-TO-DATE
> Task :react-native:packages:react-native:ReactAndroid:generateDebugResValues UP-TO-DATE
> Task :react-native:packages:react-native:ReactAndroid:generateDebugResources UP-TO-DATE
> Task :react-native:packages:react-native:ReactAndroid:hermes-engine:buildHermesC UP-TO-DATE
> Task :react-native:packages:react-native:ReactAndroid:hermes-engine:prepareHeadersForPrefab UP-TO-DATE
> Task :react-native:packages:react-native:ReactAndroid:hermes-engine:preBuild UP-TO-DATE
> Task :react-native:packages:react-native:ReactAndroid:hermes-engine:preDebugBuild UP-TO-DATE
> Task :react-native:packages:react-native:ReactAndroid:hermes-engine:writeDebugAarMetadata UP-TO-DATE
> Task :react-native:packages:react-native:ReactAndroid:hermes-engine:generateDebugResValues UP-TO-DATE
> Task :react-native:packages:react-native:ReactAndroid:hermes-engine:generateDebugResources UP-TO-DATE
> Task :react-native:packages:react-native:ReactAndroid:hermes-engine:packageDebugResources UP-TO-DATE
> Task :react-native:packages:react-native:ReactAndroid:hermes-engine:extractDeepLinksDebug UP-TO-DATE
> Task :react-native:packages:react-native:ReactAndroid:hermes-engine:processDebugManifest UP-TO-DATE
> Task :react-native:packages:react-native:ReactAndroid:hermes-engine:parseDebugLocalResources UP-TO-DATE
> Task :react-native:packages:react-native:ReactAndroid:packageDebugResources UP-TO-DATE
> Task :react-native:packages:react-native:ReactAndroid:extractDeepLinksDebug UP-TO-DATE
> Task :react-native:packages:react-native:ReactAndroid:hermes-engine:generateDebugRFile UP-TO-DATE
> Task :react-native:packages:react-native:ReactAndroid:hermes-engine:compileDebugLibraryResources UP-TO-DATE
> Task :react-native:packages:react-native:ReactAndroid:processDebugManifest UP-TO-DATE
> Task :react-native:packages:react-native:ReactAndroid:hermes-engine:generateDebugBuildConfig UP-TO-DATE
> Task :react-native:packages:react-native:ReactAndroid:hermes-engine:javaPreCompileDebug UP-TO-DATE
> Task :react-native:packages:react-native:ReactAndroid:parseDebugLocalResources UP-TO-DATE
> Task :react-native:packages:react-native:ReactAndroid:generateDebugRFile UP-TO-DATE
> Task :react-native:packages:react-native:ReactAndroid:compileDebugLibraryResources UP-TO-DATE
> Task :react-native:packages:react-native:ReactAndroid:checkKotlinGradlePluginConfigurationErrors SKIPPED
> Task :react-native:packages:react-native:ReactAndroid:generateDebugBuildConfig UP-TO-DATE
> Task :react-native:packages:react-native:ReactAndroid:javaPreCompileDebug UP-TO-DATE
> Task :react-native:packages:react-native:ReactAndroid:mergeDebugShaders UP-TO-DATE
> Task :react-native:packages:react-native:ReactAndroid:hermes-engine:compileDebugJavaWithJavac UP-TO-DATE
> Task :react-native:packages:react-native:ReactAndroid:compileDebugShaders NO-SOURCE
> Task :react-native:packages:react-native:ReactAndroid:generateDebugAssets UP-TO-DATE
> Task :react-native:packages:react-native:ReactAndroid:hermes-engine:bundleLibCompileToJarDebug UP-TO-DATE
> Task :react-native:packages:react-native:ReactAndroid:mergeDebugAssets UP-TO-DATE
> Task :react-native:packages:react-native:ReactAndroid:hermes-engine:mergeDebugShaders UP-TO-DATE
> Task :react-native:packages:react-native:ReactAndroid:hermes-engine:compileDebugShaders NO-SOURCE
> Task :react-native:packages:react-native:ReactAndroid:hermes-engine:generateDebugAssets UP-TO-DATE
> Task :react-native:packages:react-native:ReactAndroid:hermes-engine:mergeDebugAssets UP-TO-DATE
> Task :react-native:packages:react-native:ReactAndroid:hermes-engine:bundleLibRuntimeToJarDebug UP-TO-DATE
> Task :react-native:packages:react-native:ReactAndroid:hermes-engine:processDebugJavaRes NO-SOURCE
> Task :react-native:packages:react-native:ReactAndroid:hermes-engine:bundleLibRuntimeToDirDebug UP-TO-DATE
> Task :react-native:packages:react-native:ReactAndroid:hermes-engine:preDebugOptimizedBuild UP-TO-DATE
> Task :app:checkDebugAarMetadata UP-TO-DATE
> Task :app:mapDebugSourceSetPaths UP-TO-DATE
> Task :app:mergeDebugResources UP-TO-DATE
> Task :app:processDebugMainManifest UP-TO-DATE
> Task :app:processDebugManifest UP-TO-DATE
> Task :app:processDebugManifestForPackage UP-TO-DATE
> Task :app:processDebugResources UP-TO-DATE
> Task :react-native:packages:react-native:ReactAndroid:compileDebugKotlin UP-TO-DATE
> Task :react-native:packages:react-native:ReactAndroid:compileDebugJavaWithJavac UP-TO-DATE
> Task :react-native:packages:react-native:ReactAndroid:bundleLibCompileToJarDebug UP-TO-DATE
> Task :react-native:packages:react-native:ReactAndroid:bundleLibRuntimeToJarDebug UP-TO-DATE
> Task :react-native:packages:react-native:ReactAndroid:processDebugJavaRes UP-TO-DATE
> Task :react-native-masked-view_masked-view:compileDebugJavaWithJavac UP-TO-DATE
> Task :react-native-community_slider:compileDebugJavaWithJavac UP-TO-DATE
> Task :react-native-async-storage_async-storage:compileDebugJavaWithJavac UP-TO-DATE
> Task :react-native-community_slider:bundleLibCompileToJarDebug UP-TO-DATE
> Task :react-native-async-storage_async-storage:bundleLibCompileToJarDebug UP-TO-DATE
> Task :react-native-masked-view_masked-view:bundleLibCompileToJarDebug UP-TO-DATE
> Task :react-native-async-storage_async-storage:bundleLibRuntimeToJarDebug UP-TO-DATE
> Task :react-native-community_slider:bundleLibRuntimeToJarDebug UP-TO-DATE
> Task :react-native-async-storage_async-storage:bundleLibRuntimeToDirDebug UP-TO-DATE
> Task :react-native-masked-view_masked-view:bundleLibRuntimeToJarDebug UP-TO-DATE
> Task :react-native-svg:compileDebugJavaWithJavac UP-TO-DATE
> Task :react-native-svg:bundleLibCompileToJarDebug UP-TO-DATE
> Task :react-native-svg:bundleLibRuntimeToJarDebug UP-TO-DATE
> Task :react-native-masked-view_masked-view:bundleLibRuntimeToDirDebug UP-TO-DATE
> Task :react-native:packages:react-native:ReactAndroid:hermes-engine:configureCMakeRelease[arm64-v8a]
> Task :react-native-svg:bundleLibRuntimeToDirDebug UP-TO-DATE
> Task :react-native:packages:react-native:ReactAndroid:hermes-engine:configureCMakeRelease[armeabi-v7a]
> Task :react-native:packages:react-native:ReactAndroid:bundleLibRuntimeToDirDebug UP-TO-DATE
> Task :react-native-community_slider:bundleLibRuntimeToDirDebug UP-TO-DATE
> Task :react-native:packages:react-native:ReactAndroid:mergeDebugJniLibFolders UP-TO-DATE
> Task :react-native-safe-area-context:compileDebugKotlin UP-TO-DATE
> Task :react-native-audio-api:compileDebugKotlin UP-TO-DATE
> Task :react-native-nitro-modules:compileDebugKotlin UP-TO-DATE
> Task :react-native-webview:compileDebugKotlin UP-TO-DATE
> Task :react-native-worklets:compileDebugJavaWithJavac UP-TO-DATE
> Task :react-native-worklets:bundleLibCompileToJarDebug UP-TO-DATE
> Task :react-native-worklets:bundleLibRuntimeToJarDebug UP-TO-DATE
> Task :react-native-safe-area-context:compileDebugJavaWithJavac UP-TO-DATE
> Task :react-native-safe-area-context:bundleLibCompileToJarDebug UP-TO-DATE
> Task :app:mergeDebugAssets UP-TO-DATE
> Task :react-native-webview:compileDebugJavaWithJavac UP-TO-DATE
> Task :react-native-webview:bundleLibCompileToJarDebug UP-TO-DATE
> Task :react-native-safe-area-context:bundleLibRuntimeToJarDebug UP-TO-DATE
> Task :react-native-webview:bundleLibRuntimeToJarDebug UP-TO-DATE
> Task :react-native-reanimated:compileDebugJavaWithJavac UP-TO-DATE
> Task :react-native-worklets:bundleLibRuntimeToDirDebug UP-TO-DATE
> Task :react-native-audio-api:compileDebugJavaWithJavac UP-TO-DATE
> Task :react-native-reanimated:bundleLibCompileToJarDebug UP-TO-DATE
> Task :react-native-nitro-modules:compileDebugJavaWithJavac UP-TO-DATE
> Task :app:compressDebugAssets UP-TO-DATE
> Task :react-native-reanimated:bundleLibRuntimeToJarDebug UP-TO-DATE
> Task :react-native-audio-api:bundleLibCompileToJarDebug UP-TO-DATE
> Task :react-native-nitro-modules:bundleLibCompileToJarDebug UP-TO-DATE
> Task :react-native-audio-api:bundleLibRuntimeToJarDebug UP-TO-DATE
> Task :react-native-webview:processDebugJavaRes UP-TO-DATE
> Task :react-native-nitro-modules:bundleLibRuntimeToJarDebug UP-TO-DATE
> Task :react-native-nitro-modules:processDebugJavaRes UP-TO-DATE
> Task :react-native-reanimated:bundleLibRuntimeToDirDebug UP-TO-DATE
> Task :react-native-audio-api:processDebugJavaRes UP-TO-DATE
> Task :react-native-webview:bundleLibRuntimeToDirDebug UP-TO-DATE
> Task :react-native-screens:compileDebugKotlin UP-TO-DATE
> Task :react-native-nitro-modules:bundleLibRuntimeToDirDebug UP-TO-DATE
> Task :react-native-audio-api:bundleLibRuntimeToDirDebug UP-TO-DATE
> Task :react-native:packages:react-native:ReactAndroid:hermes-engine:configureCMakeRelease[x86]
> Task :react-native-safe-area-context:processDebugJavaRes UP-TO-DATE
> Task :react-native-safe-area-context:bundleLibRuntimeToDirDebug UP-TO-DATE
> Task :expo-modules-core:compileDebugKotlin UP-TO-DATE
> Task :react-native-screens:compileDebugJavaWithJavac UP-TO-DATE
> Task :react-native-screens:bundleLibCompileToJarDebug UP-TO-DATE
> Task :react-native-screens:bundleLibRuntimeToJarDebug UP-TO-DATE
> Task :react-native-screens:processDebugJavaRes UP-TO-DATE
> Task :expo-modules-core:compileDebugJavaWithJavac UP-TO-DATE
> Task :expo-modules-core:bundleLibCompileToJarDebug UP-TO-DATE
> Task :expo-modules-core:bundleLibRuntimeToJarDebug UP-TO-DATE
> Task :expo-modules-core:processDebugJavaRes UP-TO-DATE
> Task :react-native-screens:bundleLibRuntimeToDirDebug UP-TO-DATE
> Task :expo-torch:compileDebugKotlin UP-TO-DATE
> Task :react-native:packages:react-native:ReactAndroid:hermes-engine:configureCMakeRelease[x86_64]
> Task :react-native:packages:react-native:ReactAndroid:hermes-engine:generateJsonModelDebug
> Task :react-native:packages:react-native:ReactAndroid:hermes-engine:prefabDebugConfigurePackage UP-TO-DATE
> Task :expo-constants:compileDebugKotlin UP-TO-DATE
> Task :expo-torch:compileDebugJavaWithJavac UP-TO-DATE
> Task :expo-torch:bundleLibCompileToJarDebug UP-TO-DATE
> Task :expo-torch:bundleLibRuntimeToJarDebug UP-TO-DATE
> Task :expo-torch:processDebugJavaRes UP-TO-DATE
> Task :expo-constants:compileDebugJavaWithJavac UP-TO-DATE
> Task :expo-constants:bundleLibCompileToJarDebug UP-TO-DATE
> Task :expo-torch:bundleLibRuntimeToDirDebug UP-TO-DATE
> Task :expo-constants:bundleLibRuntimeToJarDebug UP-TO-DATE
> Task :expo-constants:processDebugJavaRes UP-TO-DATE
> Task :expo-constants:bundleLibRuntimeToDirDebug UP-TO-DATE
> Task :react-native-gesture-handler:compileDebugKotlin UP-TO-DATE
> Task :expo-modules-core:bundleLibRuntimeToDirDebug UP-TO-DATE
> Task :react-native-gesture-handler:compileDebugJavaWithJavac UP-TO-DATE
> Task :react-native-gesture-handler:bundleLibCompileToJarDebug UP-TO-DATE
> Task :react-native-gesture-handler:bundleLibRuntimeToJarDebug UP-TO-DATE
> Task :react-native-nitro-haptics:compileDebugKotlin UP-TO-DATE
> Task :react-native-gesture-handler:processDebugJavaRes UP-TO-DATE
> Task :react-native-nitro-haptics:compileDebugJavaWithJavac UP-TO-DATE
> Task :react-native-nitro-haptics:bundleLibCompileToJarDebug UP-TO-DATE
> Task :react-native-nitro-haptics:bundleLibRuntimeToJarDebug UP-TO-DATE
> Task :react-native-gesture-handler:bundleLibRuntimeToDirDebug UP-TO-DATE
> Task :react-native-nitro-haptics:processDebugJavaRes UP-TO-DATE
> Task :react-native-nitro-haptics:bundleLibRuntimeToDirDebug UP-TO-DATE
> Task :expo:compileDebugKotlin UP-TO-DATE
> Task :react-native:packages:react-native:ReactAndroid:hermes-engine:buildCMakeRelease[arm64-v8a][libhermes]
> Task :expo:compileDebugJavaWithJavac UP-TO-DATE
> Task :expo:bundleLibCompileToJarDebug UP-TO-DATE
> Task :expo:bundleLibRuntimeToJarDebug UP-TO-DATE
> Task :expo:processDebugJavaRes UP-TO-DATE
> Task :expo:bundleLibRuntimeToDirDebug UP-TO-DATE
> Task :app:compileDebugKotlin UP-TO-DATE
> Task :app:compileDebugJavaWithJavac UP-TO-DATE
> Task :app:dexBuilderDebug UP-TO-DATE
> Task :react-native:packages:react-native:ReactAndroid:hermes-engine:buildCMakeRelease[armeabi-v7a][libhermes]
> Task :app:mergeDebugGlobalSynthetics UP-TO-DATE
> Task :app:processDebugJavaRes UP-TO-DATE
> Task :app:mergeDebugJavaResource UP-TO-DATE
> Task :app:mergeLibDexDebug UP-TO-DATE
> Task :app:mergeProjectDexDebug UP-TO-DATE
> Task :react-native:packages:react-native:ReactAndroid:hermes-engine:buildCMakeRelease[x86][libhermes]
> Task :react-native:packages:react-native:ReactAndroid:hermes-engine:buildCMakeRelease[x86_64][libhermes]
> Task :react-native:packages:react-native:ReactAndroid:hermes-engine:externalNativeBuildDebug
> Task :react-native:packages:react-native:ReactAndroid:hermes-engine:prefabDebugPackage UP-TO-DATE
> Task :react-native:packages:react-native:ReactAndroid:hermes-engine:mergeDebugJniLibFolders UP-TO-DATE
> Task :react-native:packages:react-native:ReactAndroid:hermes-engine:mergeDebugNativeLibs UP-TO-DATE
> Task :react-native:packages:react-native:ReactAndroid:hermes-engine:copyDebugJniLibsProjectOnly UP-TO-DATE
> Task :react-native:packages:react-native:ReactAndroid:configureCMakeDebug[arm64-v8a]
> Task :react-native:packages:react-native:ReactAndroid:configureCMakeDebug[armeabi-v7a]
> Task :react-native:packages:react-native:ReactAndroid:configureCMakeDebug[x86]
> Task :react-native:packages:react-native:ReactAndroid:configureCMakeDebug[x86_64]
> Task :react-native:packages:react-native:ReactAndroid:generateJsonModelDebug
> Task :react-native:packages:react-native:ReactAndroid:prefabDebugConfigurePackage UP-TO-DATE
> Task :react-native:packages:react-native:ReactAndroid:buildCMakeDebug[arm64-v8a][hermestooling,jsi,etc]
> Task :react-native:packages:react-native:ReactAndroid:buildCMakeDebug[armeabi-v7a][hermestooling,jsi,etc]
> Task :react-native:packages:react-native:ReactAndroid:buildCMakeDebug[x86][hermestooling,jsi,etc]
> Task :react-native:packages:react-native:ReactAndroid:buildCMakeDebug[x86_64][hermestooling,jsi,etc]
> Task :react-native:packages:react-native:ReactAndroid:externalNativeBuildDebug
> Task :react-native:packages:react-native:ReactAndroid:prefabDebugPackage UP-TO-DATE
> Task :react-native:packages:react-native:ReactAndroid:mergeDebugNativeLibs UP-TO-DATE
> Task :react-native:packages:react-native:ReactAndroid:copyDebugJniLibsProjectOnly UP-TO-DATE
> Task :react-native-screens:configureCMakeDebug[arm64-v8a]
> Task :expo-modules-core:configureCMakeDebug[arm64-v8a]
> Task :react-native-audio-api:configureCMakeDebug[arm64-v8a]
> Task :react-native-worklets:configureCMakeDebug[arm64-v8a]
> Task :react-native-worklets:configureCMakeDebug[armeabi-v7a]
> Task :react-native-screens:buildCMakeDebug[arm64-v8a]
> Task :react-native-worklets:configureCMakeDebug[x86]
> Task :react-native-screens:configureCMakeDebug[armeabi-v7a]
> Task :react-native-worklets:configureCMakeDebug[x86_64]
> Task :react-native-worklets:generateJsonModelDebug
> Task :react-native-worklets:prefabDebugConfigurePackage UP-TO-DATE
> Task :react-native-audio-api:buildCMakeDebug[arm64-v8a]
> Task :react-native-screens:buildCMakeDebug[armeabi-v7a]
> Task :react-native-audio-api:configureCMakeDebug[armeabi-v7a]
> Task :react-native-screens:configureCMakeDebug[x86]
> Task :react-native-screens:buildCMakeDebug[x86]
> Task :react-native-screens:configureCMakeDebug[x86_64]
> Task :react-native-audio-api:buildCMakeDebug[armeabi-v7a]
> Task :react-native-screens:buildCMakeDebug[x86_64]
> Task :react-native-screens:mergeDebugNativeLibs UP-TO-DATE
> Task :react-native-screens:copyDebugJniLibsProjectOnly UP-TO-DATE
> Task :react-native-audio-api:configureCMakeDebug[x86]
> Task :expo-modules-core:buildCMakeDebug[arm64-v8a]
> Task :react-native-audio-api:buildCMakeDebug[x86]
> Task :expo-modules-core:configureCMakeDebug[armeabi-v7a]
> Task :react-native-audio-api:configureCMakeDebug[x86_64]
> Task :react-native-worklets:buildCMakeDebug[arm64-v8a][worklets]
> Task :react-native-audio-api:buildCMakeDebug[x86_64]
> Task :react-native-audio-api:mergeDebugNativeLibs UP-TO-DATE
> Task :react-native-audio-api:copyDebugJniLibsProjectOnly UP-TO-DATE
> Task :react-native-nitro-modules:configureCMakeDebug[arm64-v8a]
> Task :react-native-nitro-modules:buildCMakeDebug[arm64-v8a]
> Task :expo-modules-core:buildCMakeDebug[armeabi-v7a]
> Task :react-native-worklets:buildCMakeDebug[armeabi-v7a][worklets]
> Task :expo-modules-core:configureCMakeDebug[x86]
> Task :react-native-worklets:buildCMakeDebug[x86][worklets]
> Task :expo-modules-core:buildCMakeDebug[x86]
> Task :expo-modules-core:configureCMakeDebug[x86_64]
> Task :react-native-nitro-modules:configureCMakeDebug[armeabi-v7a]
> Task :react-native-nitro-modules:buildCMakeDebug[armeabi-v7a]
> Task :react-native-worklets:buildCMakeDebug[x86_64][worklets]
> Task :expo-modules-core:buildCMakeDebug[x86_64]
> Task :expo-modules-core:mergeDebugNativeLibs UP-TO-DATE
> Task :expo-modules-core:copyDebugJniLibsProjectOnly UP-TO-DATE
> Task :react-native-nitro-modules:configureCMakeDebug[x86]
> Task :react-native-nitro-modules:buildCMakeDebug[x86]
> Task :react-native-worklets:externalNativeBuildDebug
> Task :react-native-worklets:prefabDebugPackage UP-TO-DATE
> Task :react-native-worklets:mergeDebugNativeLibs UP-TO-DATE
> Task :react-native-worklets:copyDebugJniLibsProjectOnly UP-TO-DATE
> Task :react-native-reanimated:configureCMakeDebug[arm64-v8a]
> Task :react-native-reanimated:configureCMakeDebug[armeabi-v7a]
> Task :react-native-reanimated:configureCMakeDebug[x86]
> Task :react-native-reanimated:configureCMakeDebug[x86_64]
> Task :react-native-reanimated:generateJsonModelDebug
> Task :react-native-reanimated:prefabDebugConfigurePackage UP-TO-DATE
> Task :react-native-nitro-modules:configureCMakeDebug[x86_64]
> Task :react-native-nitro-modules:buildCMakeDebug[x86_64]
> Task :react-native-nitro-modules:externalNativeBuildDebug
> Task :react-native-nitro-modules:generateJsonModelDebug
> Task :react-native-nitro-modules:prefabDebugConfigurePackage
> Task :react-native-nitro-modules:prefabDebugPackage UP-TO-DATE
> Task :react-native-nitro-modules:mergeDebugNativeLibs UP-TO-DATE
> Task :react-native-nitro-modules:copyDebugJniLibsProjectOnly UP-TO-DATE
> Task :react-native-reanimated:buildCMakeDebug[arm64-v8a][reanimated]
> Task :react-native-reanimated:buildCMakeDebug[armeabi-v7a][reanimated]
> Task :react-native-reanimated:buildCMakeDebug[x86][reanimated]
> Task :react-native-nitro-haptics:configureCMakeDebug[arm64-v8a]
> Task :react-native-nitro-haptics:buildCMakeDebug[arm64-v8a]
> Task :react-native-reanimated:buildCMakeDebug[x86_64][reanimated]
> Task :react-native-nitro-haptics:configureCMakeDebug[armeabi-v7a]
> Task :react-native-nitro-haptics:buildCMakeDebug[armeabi-v7a]
> Task :react-native-reanimated:externalNativeBuildDebug
> Task :react-native-reanimated:prefabDebugPackage UP-TO-DATE
> Task :react-native-reanimated:mergeDebugNativeLibs UP-TO-DATE
> Task :react-native-reanimated:copyDebugJniLibsProjectOnly UP-TO-DATE
> Task :react-native-gesture-handler:configureCMakeDebug[arm64-v8a]
> Task :react-native-gesture-handler:buildCMakeDebug[arm64-v8a]
> Task :react-native-gesture-handler:configureCMakeDebug[armeabi-v7a]
> Task :react-native-gesture-handler:buildCMakeDebug[armeabi-v7a]
> Task :react-native-gesture-handler:configureCMakeDebug[x86]
> Task :react-native-gesture-handler:buildCMakeDebug[x86]
> Task :react-native-gesture-handler:configureCMakeDebug[x86_64]
> Task :react-native-nitro-haptics:configureCMakeDebug[x86]
> Task :react-native-gesture-handler:buildCMakeDebug[x86_64]
> Task :react-native-gesture-handler:mergeDebugNativeLibs UP-TO-DATE
> Task :react-native-gesture-handler:copyDebugJniLibsProjectOnly UP-TO-DATE
> Task :react-native-nitro-haptics:buildCMakeDebug[x86]
> Task :app:configureCMakeDebug[arm64-v8a]
> Task :app:buildCMakeDebug[arm64-v8a][morseNitro]
> Task :react-native-nitro-haptics:configureCMakeDebug[x86_64]
> Task :react-native-nitro-haptics:buildCMakeDebug[x86_64]
> Task :react-native-nitro-haptics:mergeDebugNativeLibs UP-TO-DATE
> Task :react-native-nitro-haptics:copyDebugJniLibsProjectOnly UP-TO-DATE
> Task :app:configureCMakeDebug[armeabi-v7a]
> Task :app:buildCMakeDebug[armeabi-v7a][morseNitro]
> Task :app:configureCMakeDebug[x86]
> Task :app:buildCMakeDebug[x86][morseNitro]
> Task :app:configureCMakeDebug[x86_64]
> Task :app:buildCMakeDebug[x86_64][morseNitro]
> Task :app:mergeDebugNativeLibs UP-TO-DATE
> Task :app:stripDebugDebugSymbols UP-TO-DATE
> Task :app:packageDebug UP-TO-DATE
> Task :app:createDebugApkListingFileRedirect UP-TO-DATE

> Task :app:installDebug
Installing APK 'app-debug.apk' on 'SM-S906U - 14' for :app:debug
Installed on 1 device.

[Incubating] Problems report is available at: file:///C:/dev/Morse/android/build/reports/problems/problems-report.html

Deprecated Gradle features were used in this build, making it incompatible with Gradle 9.0.

You can use '--warning-mode all' to show the individual deprecation warnings and determine if they come from your own scripts or plugins.

For more on this, please refer to https://docs.gradle.org/8.14.3/userguide/command_line_interface.html#sec:command_line_warnings in the Gradle documentation.

BUILD SUCCESSFUL in 55s
617 actionable tasks: 99 executed, 518 up-to-date
